2024-01-02 13:36:30 Animal change position from (2,2) to (2,3)
 y\x  0 1 2 3 4 5 6
 10: ---------------
  9: | | | | |*| | |
  8: | | | | | | | |
  7: | |*|*| | |*| |
  6: | | | | |*| | |
  5: |*| | | | | |*|
  4: | | | | | | | |
  3: | | |^| | | | |
  2: | | | | | | | |
  1: | | | | | | | |
  0: |^| | |*| |*|*|
 -1: ---------------
2024-01-02 13:36:31 Animal change position from (0,0) to (0,1)
 y\x  0 1 2 3 4 5 6
 10: ---------------
  9: | | | | |*| | |
  8: | | | | | | | |
  7: | |*|*| | |*| |
  6: | | | | |*| | |
  5: |*| | | | | |*|
  4: | | | | | | | |
  3: | | |^| | | | |
  2: | | | | | | | |
  1: |^| | | | | | |
  0: | | | |*| |*|*|
 -1: ---------------
2024-01-02 13:36:32 Animal on position (2,3) change direction
 y\x  0 1 2 3 4 5 6
 10: ---------------
  9: | | | | |*| | |
  8: | | | | | | | |
  7: | |*|*| | |*| |
  6: | | | | |*| | |
  5: |*| | | | | |*|
  4: | | | | | | | |
  3: | | |>| | | | |
  2: | | | | | | | |
  1: |^| | | | | | |
  0: | | | |*| |*|*|
 -1: ---------------
2024-01-02 13:36:33 Animal on position (0,1) change direction
 y\x  0 1 2 3 4 5 6
 10: ---------------
  9: | | | | |*| | |
  8: | | | | | | | |
  7: | |*|*| | |*| |
  6: | | | | |*| | |
  5: |*| | | | | |*|
  4: | | | | | | | |
  3: | | |>| | | | |
  2: | | | | | | | |
  1: |>| | | | | | |
  0: | | | |*| |*|*|
 -1: ---------------
2024-01-02 13:36:34 Animal change position from (2,3) to (3,3)
 y\x  0 1 2 3 4 5 6
 10: ---------------
  9: | | | | |*| | |
  8: | | | | | | | |
  7: | |*|*| | |*| |
  6: | | | | |*| | |
  5: |*| | | | | |*|
  4: | | | | | | | |
  3: | | | |>| | | |
  2: | | | | | | | |
  1: |>| | | | | | |
  0: | | | |*| |*|*|
 -1: ---------------
2024-01-02 13:36:35 Animal change position from (0,1) to (1,1)
 y\x  0 1 2 3 4 5 6
 10: ---------------
  9: | | | | |*| | |
  8: | | | | | | | |
  7: | |*|*| | |*| |
  6: | | | | |*| | |
  5: |*| | | | | |*|
  4: | | | | | | | |
  3: | | | |>| | | |
  2: | | | | | | | |
  1: | |>| | | | | |
  0: | | | |*| |*|*|
 -1: ---------------
2024-01-02 13:36:36 Animal change position from (3,3) to (2,3)
 y\x  0 1 2 3 4 5 6
 10: ---------------
  9: | | | | |*| | |
  8: | | | | | | | |
  7: | |*|*| | |*| |
  6: | | | | |*| | |
  5: |*| | | | | |*|
  4: | | | | | | | |
  3: | | |>| | | | |
  2: | | | | | | | |
  1: | |>| | | | | |
  0: | | | |*| |*|*|
 -1: ---------------
2024-01-02 13:36:37 Animal change position from (1,1) to (0,1)
 y\x  0 1 2 3 4 5 6
 10: ---------------
  9: | | | | |*| | |
  8: | | | | | | | |
  7: | |*|*| | |*| |
  6: | | | | |*| | |
  5: |*| | | | | |*|
  4: | | | | | | | |
  3: | | |>| | | | |
  2: | | | | | | | |
  1: |>| | | | | | |
  0: | | | |*| |*|*|
 -1: ---------------
